<?xml version="1.0" encoding="UTF-8"?>
<testsuite xmlns:xsi="http://www.w3.org/2001/XMLSchema-instance" xsi:noNamespaceSchemaLocation="https://maven.apache.org/surefire/maven-surefire-plugin/xsd/surefire-test-report.xsd" name="com.assignment.rewards.points.repository.UserRepositoryTest" time="0.032" tests="1" errors="0" skipped="0" failures="0">
  <properties>
    <property name="sun.desktop" value="windows"/>
    <property name="awt.toolkit" value="sun.awt.windows.WToolkit"/>
    <property name="file.encoding.pkg" value="sun.io"/>
    <property name="java.specification.version" value="1.8"/>
    <property name="sun.cpu.isalist" value="amd64"/>
    <property name="sun.jnu.encoding" value="Cp1252"/>
    <property name="java.class.path" value="C:\Java-learning\interview-projects\new\RewardsPointsApp\target\test-classes;C:\Java-learning\interview-projects\new\RewardsPointsApp\target\classes;C:\Users\ksesw\.m2\repository\org\springframework\boot\spring-boot-starter-web\2.7.3\spring-boot-starter-web-2.7.3.jar;C:\Users\ksesw\.m2\repository\org\springframework\boot\spring-boot-starter\2.7.3\spring-boot-starter-2.7.3.jar;C:\Users\ksesw\.m2\repository\org\springframework\boot\spring-boot\2.7.3\spring-boot-2.7.3.jar;C:\Users\ksesw\.m2\repository\org\springframework\boot\spring-boot-autoconfigure\2.7.3\spring-boot-autoconfigure-2.7.3.jar;C:\Users\ksesw\.m2\repository\org\springframework\boot\spring-boot-starter-logging\2.7.3\spring-boot-starter-logging-2.7.3.jar;C:\Users\ksesw\.m2\repository\org\apache\logging\log4j\log4j-to-slf4j\2.17.2\log4j-to-slf4j-2.17.2.jar;C:\Users\ksesw\.m2\repository\org\apache\logging\log4j\log4j-api\2.17.2\log4j-api-2.17.2.jar;C:\Users\ksesw\.m2\repository\org\slf4j\jul-to-slf4j\1.7.36\jul-to-slf4j-1.7.36.jar;C:\Users\ksesw\.m2\repository\jakarta\annotation\jakarta.annotation-api\1.3.5\jakarta.annotation-api-1.3.5.jar;C:\Users\ksesw\.m2\repository\org\yaml\snakeyaml\1.30\snakeyaml-1.30.jar;C:\Users\ksesw\.m2\repository\org\springframework\boot\spring-boot-starter-json\2.7.3\spring-boot-starter-json-2.7.3.jar;C:\Users\ksesw\.m2\repository\com\fasterxml\jackson\datatype\jackson-datatype-jdk8\2.13.3\jackson-datatype-jdk8-2.13.3.jar;C:\Users\ksesw\.m2\repository\com\fasterxml\jackson\datatype\jackson-datatype-jsr310\2.13.3\jackson-datatype-jsr310-2.13.3.jar;C:\Users\ksesw\.m2\repository\com\fasterxml\jackson\module\jackson-module-parameter-names\2.13.3\jackson-module-parameter-names-2.13.3.jar;C:\Users\ksesw\.m2\repository\org\springframework\boot\spring-boot-starter-tomcat\2.7.3\spring-boot-starter-tomcat-2.7.3.jar;C:\Users\ksesw\.m2\repository\org\apache\tomcat\embed\tomcat-embed-core\9.0.65\tomcat-embed-core-9.0.65.jar;C:\Users\ksesw\.m2\repository\org\apache\tomcat\embed\tomcat-embed-el\9.0.65\tomcat-embed-el-9.0.65.jar;C:\Users\ksesw\.m2\repository\org\apache\tomcat\embed\tomcat-embed-websocket\9.0.65\tomcat-embed-websocket-9.0.65.jar;C:\Users\ksesw\.m2\repository\org\springframework\spring-web\5.3.22\spring-web-5.3.22.jar;C:\Users\ksesw\.m2\repository\org\springframework\spring-beans\5.3.22\spring-beans-5.3.22.jar;C:\Users\ksesw\.m2\repository\org\springframework\spring-webmvc\5.3.22\spring-webmvc-5.3.22.jar;C:\Users\ksesw\.m2\repository\org\springframework\spring-aop\5.3.22\spring-aop-5.3.22.jar;C:\Users\ksesw\.m2\repository\org\springframework\spring-context\5.3.22\spring-context-5.3.22.jar;C:\Users\ksesw\.m2\repository\org\springframework\spring-expression\5.3.22\spring-expression-5.3.22.jar;C:\Users\ksesw\.m2\repository\org\springframework\boot\spring-boot-starter-data-jpa\2.7.3\spring-boot-starter-data-jpa-2.7.3.jar;C:\Users\ksesw\.m2\repository\org\springframework\boot\spring-boot-starter-aop\2.7.3\spring-boot-starter-aop-2.7.3.jar;C:\Users\ksesw\.m2\repository\org\aspectj\aspectjweaver\1.9.7\aspectjweaver-1.9.7.jar;C:\Users\ksesw\.m2\repository\org\springframework\boot\spring-boot-starter-jdbc\2.7.3\spring-boot-starter-jdbc-2.7.3.jar;C:\Users\ksesw\.m2\repository\com\zaxxer\HikariCP\4.0.3\HikariCP-4.0.3.jar;C:\Users\ksesw\.m2\repository\org\springframework\spring-jdbc\5.3.22\spring-jdbc-5.3.22.jar;C:\Users\ksesw\.m2\repository\jakarta\transaction\jakarta.transaction-api\1.3.3\jakarta.transaction-api-1.3.3.jar;C:\Users\ksesw\.m2\repository\jakarta\persistence\jakarta.persistence-api\2.2.3\jakarta.persistence-api-2.2.3.jar;C:\Users\ksesw\.m2\repository\org\hibernate\hibernate-core\5.6.10.Final\hibernate-core-5.6.10.Final.jar;C:\Users\ksesw\.m2\repository\org\jboss\logging\jboss-logging\3.4.3.Final\jboss-logging-3.4.3.Final.jar;C:\Users\ksesw\.m2\repository\antlr\antlr\2.7.7\antlr-2.7.7.jar;C:\Users\ksesw\.m2\repository\org\jboss\jandex\2.4.2.Final\jandex-2.4.2.Final.jar;C:\Users\ksesw\.m2\repository\org\hibernate\common\hibernate-commons-annotations\5.1.2.Final\hibernate-commons-annotations-5.1.2.Final.jar;C:\Users\ksesw\.m2\repository\org\glassfish\jaxb\jaxb-runtime\2.3.6\jaxb-runtime-2.3.6.jar;C:\Users\ksesw\.m2\repository\org\glassfish\jaxb\txw2\2.3.6\txw2-2.3.6.jar;C:\Users\ksesw\.m2\repository\com\sun\istack\istack-commons-runtime\3.0.12\istack-commons-runtime-3.0.12.jar;C:\Users\ksesw\.m2\repository\com\sun\activation\jakarta.activation\1.2.2\jakarta.activation-1.2.2.jar;C:\Users\ksesw\.m2\repository\org\springframework\data\spring-data-jpa\2.7.2\spring-data-jpa-2.7.2.jar;C:\Users\ksesw\.m2\repository\org\springframework\data\spring-data-commons\2.7.2\spring-data-commons-2.7.2.jar;C:\Users\ksesw\.m2\repository\org\springframework\spring-orm\5.3.22\spring-orm-5.3.22.jar;C:\Users\ksesw\.m2\repository\org\springframework\spring-tx\5.3.22\spring-tx-5.3.22.jar;C:\Users\ksesw\.m2\repository\org\springframework\spring-aspects\5.3.22\spring-aspects-5.3.22.jar;C:\Users\ksesw\.m2\repository\org\springframework\boot\spring-boot-starter-actuator\2.7.3\spring-boot-starter-actuator-2.7.3.jar;C:\Users\ksesw\.m2\repository\org\springframework\boot\spring-boot-actuator-autoconfigure\2.7.3\spring-boot-actuator-autoconfigure-2.7.3.jar;C:\Users\ksesw\.m2\repository\org\springframework\boot\spring-boot-actuator\2.7.3\spring-boot-actuator-2.7.3.jar;C:\Users\ksesw\.m2\repository\io\micrometer\micrometer-core\1.9.3\micrometer-core-1.9.3.jar;C:\Users\ksesw\.m2\repository\org\latencyutils\LatencyUtils\2.0.3\LatencyUtils-2.0.3.jar;C:\Users\ksesw\.m2\repository\org\springframework\boot\spring-boot-configuration-processor\2.7.3\spring-boot-configuration-processor-2.7.3.jar;C:\Users\ksesw\.m2\repository\org\projectlombok\lombok\1.18.20\lombok-1.18.20.jar;C:\Users\ksesw\.m2\repository\com\h2database\h2\1.4.200\h2-1.4.200.jar;C:\Users\ksesw\.m2\repository\org\modelmapper\modelmapper\2.4.5\modelmapper-2.4.5.jar;C:\Users\ksesw\.m2\repository\org\junit\jupiter\junit-jupiter-engine\5.8.1\junit-jupiter-engine-5.8.1.jar;C:\Users\ksesw\.m2\repository\org\junit\platform\junit-platform-engine\1.8.2\junit-platform-engine-1.8.2.jar;C:\Users\ksesw\.m2\repository\org\apiguardian\apiguardian-api\1.1.2\apiguardian-api-1.1.2.jar;C:\Users\ksesw\.m2\repository\org\junit\jupiter\junit-jupiter-api\5.8.1\junit-jupiter-api-5.8.1.jar;C:\Users\ksesw\.m2\repository\org\opentest4j\opentest4j\1.2.0\opentest4j-1.2.0.jar;C:\Users\ksesw\.m2\repository\org\junit\platform\junit-platform-commons\1.8.2\junit-platform-commons-1.8.2.jar;C:\Users\ksesw\.m2\repository\org\junit\jupiter\junit-jupiter-params\5.8.1\junit-jupiter-params-5.8.1.jar;C:\Users\ksesw\.m2\repository\org\junit\platform\junit-platform-suite\1.8.1\junit-platform-suite-1.8.1.jar;C:\Users\ksesw\.m2\repository\org\junit\platform\junit-platform-suite-api\1.8.2\junit-platform-suite-api-1.8.2.jar;C:\Users\ksesw\.m2\repository\org\junit\platform\junit-platform-suite-engine\1.8.2\junit-platform-suite-engine-1.8.2.jar;C:\Users\ksesw\.m2\repository\org\junit\platform\junit-platform-suite-commons\1.8.2\junit-platform-suite-commons-1.8.2.jar;C:\Users\ksesw\.m2\repository\org\junit\platform\junit-platform-launcher\1.8.2\junit-platform-launcher-1.8.2.jar;C:\Users\ksesw\.m2\repository\org\assertj\assertj-core\3.23.1\assertj-core-3.23.1.jar;C:\Users\ksesw\.m2\repository\net\bytebuddy\byte-buddy\1.12.13\byte-buddy-1.12.13.jar;C:\Users\ksesw\.m2\repository\org\springframework\spring-test\5.3.22\spring-test-5.3.22.jar;C:\Users\ksesw\.m2\repository\org\springframework\spring-core\5.3.22\spring-core-5.3.22.jar;C:\Users\ksesw\.m2\repository\org\springframework\spring-jcl\5.3.22\spring-jcl-5.3.22.jar;C:\Users\ksesw\.m2\repository\org\springframework\boot\spring-boot-starter-test\2.7.3\spring-boot-starter-test-2.7.3.jar;C:\Users\ksesw\.m2\repository\org\springframework\boot\spring-boot-test\2.7.3\spring-boot-test-2.7.3.jar;C:\Users\ksesw\.m2\repository\org\springframework\boot\spring-boot-test-autoconfigure\2.7.3\spring-boot-test-autoconfigure-2.7.3.jar;C:\Users\ksesw\.m2\repository\com\jayway\jsonpath\json-path\2.7.0\json-path-2.7.0.jar;C:\Users\ksesw\.m2\repository\net\minidev\json-smart\2.4.8\json-smart-2.4.8.jar;C:\Users\ksesw\.m2\repository\net\minidev\accessors-smart\2.4.8\accessors-smart-2.4.8.jar;C:\Users\ksesw\.m2\repository\org\ow2\asm\asm\9.1\asm-9.1.jar;C:\Users\ksesw\.m2\repository\jakarta\xml\bind\jakarta.xml.bind-api\2.3.3\jakarta.xml.bind-api-2.3.3.jar;C:\Users\ksesw\.m2\repository\jakarta\activation\jakarta.activation-api\1.2.2\jakarta.activation-api-1.2.2.jar;C:\Users\ksesw\.m2\repository\org\hamcrest\hamcrest\2.2\hamcrest-2.2.jar;C:\Users\ksesw\.m2\repository\org\junit\jupiter\junit-jupiter\5.8.2\junit-jupiter-5.8.2.jar;C:\Users\ksesw\.m2\repository\org\mockito\mockito-core\4.5.1\mockito-core-4.5.1.jar;C:\Users\ksesw\.m2\repository\net\bytebuddy\byte-buddy-agent\1.12.13\byte-buddy-agent-1.12.13.jar;C:\Users\ksesw\.m2\repository\org\objenesis\objenesis\3.2\objenesis-3.2.jar;C:\Users\ksesw\.m2\repository\org\mockito\mockito-junit-jupiter\4.5.1\mockito-junit-jupiter-4.5.1.jar;C:\Users\ksesw\.m2\repository\org\skyscreamer\jsonassert\1.5.1\jsonassert-1.5.1.jar;C:\Users\ksesw\.m2\repository\com\vaadin\external\google\android-json\0.0.20131108.vaadin1\android-json-0.0.20131108.vaadin1.jar;C:\Users\ksesw\.m2\repository\org\xmlunit\xmlunit-core\2.9.0\xmlunit-core-2.9.0.jar;C:\Users\ksesw\.m2\repository\io\gatling\gatling-core\3.7.3\gatling-core-3.7.3.jar;C:\Users\ksesw\.m2\repository\org\scala-lang\scala-library\2.13.7\scala-library-2.13.7.jar;C:\Users\ksesw\.m2\repository\io\gatling\gatling-commons\3.7.3\gatling-commons-3.7.3.jar;C:\Users\ksesw\.m2\repository\io\gatling\gatling-commons-shared\3.7.3\gatling-commons-shared-3.7.3.jar;C:\Users\ksesw\.m2\repository\org\scala-lang\scala-reflect\2.13.7\scala-reflect-2.13.7.jar;C:\Users\ksesw\.m2\repository\io\suzaku\boopickle_2.13\1.3.3\boopickle_2.13-1.3.3.jar;C:\Users\ksesw\.m2\repository\io\gatling\gatling-commons-shared-unstable\3.7.3\gatling-commons-shared-unstable-3.7.3.jar;C:\Users\ksesw\.m2\repository\com\typesafe\config\1.4.1\config-1.4.1.jar;C:\Users\ksesw\.m2\repository\org\typelevel\spire-macros_2.13\0.17.0\spire-macros_2.13-0.17.0.jar;C:\Users\ksesw\.m2\repository\com\typesafe\scala-logging\scala-logging_2.13\3.9.4\scala-logging_2.13-3.9.4.jar;C:\Users\ksesw\.m2\repository\ch\qos\logback\logback-classic\1.2.11\logback-classic-1.2.11.jar;C:\Users\ksesw\.m2\repository\ch\qos\logback\logback-core\1.2.11\logback-core-1.2.11.jar;C:\Users\ksesw\.m2\repository\io\gatling\gatling-jsonpath\3.7.3\gatling-jsonpath-3.7.3.jar;C:\Users\ksesw\.m2\repository\com\typesafe\akka\akka-actor_2.13\2.6.17\akka-actor_2.13-2.6.17.jar;C:\Users\ksesw\.m2\repository\org\scala-lang\modules\scala-java8-compat_2.13\1.0.0\scala-java8-compat_2.13-1.0.0.jar;C:\Users\ksesw\.m2\repository\com\typesafe\akka\akka-slf4j_2.13\2.6.17\akka-slf4j_2.13-2.6.17.jar;C:\Users\ksesw\.m2\repository\org\simpleflatmapper\lightning-csv\8.2.3\lightning-csv-8.2.3.jar;C:\Users\ksesw\.m2\repository\org\simpleflatmapper\sfm-util\8.2.3\sfm-util-8.2.3.jar;C:\Users\ksesw\.m2\repository\com\github\ben-manes\caffeine\caffeine\2.9.3\caffeine-2.9.3.jar;C:\Users\ksesw\.m2\repository\org\checkerframework\checker-qual\3.19.0\checker-qual-3.19.0.jar;C:\Users\ksesw\.m2\repository\com\google\errorprone\error_prone_annotations\2.10.0\error_prone_annotations-2.10.0.jar;C:\Users\ksesw\.m2\repository\io\pebbletemplates\pebble\3.1.5\pebble-3.1.5.jar;C:\Users\ksesw\.m2\repository\org\unbescape\unbescape\1.1.6.RELEASE\unbescape-1.1.6.RELEASE.jar;C:\Users\ksesw\.m2\repository\org\scala-lang\modules\scala-parser-combinators_2.13\2.1.0\scala-parser-combinators_2.13-2.1.0.jar;C:\Users\ksesw\.m2\repository\com\github\scopt\scopt_2.13\3.7.1\scopt_2.13-3.7.1.jar;C:\Users\ksesw\.m2\repository\io\netty\netty-handler\4.1.79.Final\netty-handler-4.1.79.Final.jar;C:\Users\ksesw\.m2\repository\io\netty\netty-common\4.1.79.Final\netty-common-4.1.79.Final.jar;C:\Users\ksesw\.m2\repository\io\netty\netty-resolver\4.1.79.Final\netty-resolver-4.1.79.Final.jar;C:\Users\ksesw\.m2\repository\io\netty\netty-buffer\4.1.79.Final\netty-buffer-4.1.79.Final.jar;C:\Users\ksesw\.m2\repository\io\netty\netty-transport\4.1.79.Final\netty-transport-4.1.79.Final.jar;C:\Users\ksesw\.m2\repository\io\netty\netty-transport-native-unix-common\4.1.79.Final\netty-transport-native-unix-common-4.1.79.Final.jar;C:\Users\ksesw\.m2\repository\io\netty\netty-codec\4.1.79.Final\netty-codec-4.1.79.Final.jar;C:\Users\ksesw\.m2\repository\com\softwaremill\quicklens\quicklens_2.13\1.7.5\quicklens_2.13-1.7.5.jar;C:\Users\ksesw\.m2\repository\com\fasterxml\jackson\core\jackson-databind\2.13.3\jackson-databind-2.13.3.jar;C:\Users\ksesw\.m2\repository\com\fasterxml\jackson\core\jackson-annotations\2.13.3\jackson-annotations-2.13.3.jar;C:\Users\ksesw\.m2\repository\com\fasterxml\jackson\core\jackson-core\2.13.3\jackson-core-2.13.3.jar;C:\Users\ksesw\.m2\repository\net\sf\saxon\Saxon-HE\10.6\Saxon-HE-10.6.jar;C:\Users\ksesw\.m2\repository\org\jodd\jodd-lagarto\6.0.5\jodd-lagarto-6.0.5.jar;C:\Users\ksesw\.m2\repository\org\jodd\jodd-util\6.0.1\jodd-util-6.0.1.jar;C:\Users\ksesw\.m2\repository\io\burt\jmespath-jackson\0.5.1\jmespath-jackson-0.5.1.jar;C:\Users\ksesw\.m2\repository\io\burt\jmespath-core\0.5.1\jmespath-core-0.5.1.jar;C:\Users\ksesw\.m2\repository\io\gatling\gatling-http\3.7.3\gatling-http-3.7.3.jar;C:\Users\ksesw\.m2\repository\io\gatling\gatling-http-client\3.7.3\gatling-http-client-3.7.3.jar;C:\Users\ksesw\.m2\repository\io\gatling\gatling-netty-util\3.7.3\gatling-netty-util-3.7.3.jar;C:\Users\ksesw\.m2\repository\io\netty\netty-codec-http\4.1.79.Final\netty-codec-http-4.1.79.Final.jar;C:\Users\ksesw\.m2\repository\io\netty\netty-handler-proxy\4.1.79.Final\netty-handler-proxy-4.1.79.Final.jar;C:\Users\ksesw\.m2\repository\io\netty\netty-codec-socks\4.1.79.Final\netty-codec-socks-4.1.79.Final.jar;C:\Users\ksesw\.m2\repository\io\netty\netty-resolver-dns\4.1.79.Final\netty-resolver-dns-4.1.79.Final.jar;C:\Users\ksesw\.m2\repository\io\netty\netty-codec-dns\4.1.79.Final\netty-codec-dns-4.1.79.Final.jar;C:\Users\ksesw\.m2\repository\io\netty\netty-transport-native-epoll\4.1.79.Final\netty-transport-native-epoll-4.1.79.Final-linux-x86_64.jar;C:\Users\ksesw\.m2\repository\io\netty\netty-transport-classes-epoll\4.1.79.Final\netty-transport-classes-epoll-4.1.79.Final.jar;C:\Users\ksesw\.m2\repository\io\netty\netty-transport-native-epoll\4.1.79.Final\netty-transport-native-epoll-4.1.79.Final-linux-aarch_64.jar;C:\Users\ksesw\.m2\repository\io\netty\netty-codec-http2\4.1.79.Final\netty-codec-http2-4.1.79.Final.jar;C:\Users\ksesw\.m2\repository\io\netty\netty-tcnative-boringssl-static\2.0.53.Final\netty-tcnative-boringssl-static-2.0.53.Final.jar;C:\Users\ksesw\.m2\repository\io\netty\netty-tcnative-classes\2.0.53.Final\netty-tcnative-classes-2.0.53.Final.jar;C:\Users\ksesw\.m2\repository\io\netty\netty-tcnative-boringssl-static\2.0.53.Final\netty-tcnative-boringssl-static-2.0.53.Final-linux-x86_64.jar;C:\Users\ksesw\.m2\repository\io\netty\netty-tcnative-boringssl-static\2.0.53.Final\netty-tcnative-boringssl-static-2.0.53.Final-linux-aarch_64.jar;C:\Users\ksesw\.m2\repository\io\netty\netty-tcnative-boringssl-static\2.0.53.Final\netty-tcnative-boringssl-static-2.0.53.Final-osx-x86_64.jar;C:\Users\ksesw\.m2\repository\io\netty\netty-tcnative-boringssl-static\2.0.53.Final\netty-tcnative-boringssl-static-2.0.53.Final-osx-aarch_64.jar;C:\Users\ksesw\.m2\repository\io\netty\netty-tcnative-boringssl-static\2.0.53.Final\netty-tcnative-boringssl-static-2.0.53.Final-windows-x86_64.jar;C:\Users\ksesw\.m2\repository\com\aayushatharva\brotli4j\brotli4j\1.6.0\brotli4j-1.6.0.jar;C:\Users\ksesw\.m2\repository\com\aayushatharva\brotli4j\native-linux-x86_64\1.6.0\native-linux-x86_64-1.6.0.jar;C:\Users\ksesw\.m2\repository\com\aayushatharva\brotli4j\native-linux-aarch64\1.6.0\native-linux-aarch64-1.6.0.jar;C:\Users\ksesw\.m2\repository\com\aayushatharva\brotli4j\native-osx-x86_64\1.6.0\native-osx-x86_64-1.6.0.jar;C:\Users\ksesw\.m2\repository\com\aayushatharva\brotli4j\native-windows-x86_64\1.6.0\native-windows-x86_64-1.6.0.jar;C:\Users\ksesw\.m2\repository\io\gatling\gatling-charts\3.7.3\gatling-charts-3.7.3.jar;C:\Users\ksesw\.m2\repository\com\tdunning\t-digest\3.1\t-digest-3.1.jar;C:\Users\ksesw\.m2\repository\io\gatling\gatling-metrics\2.3.1\gatling-metrics-2.3.1.jar;C:\Users\ksesw\.m2\repository\org\hdrhistogram\HdrHistogram\2.1.9\HdrHistogram-2.1.9.jar;C:\Users\ksesw\.m2\repository\io\gatling\highcharts\gatling-charts-highcharts\3.7.3\gatling-charts-highcharts-3.7.3.jar;C:\Users\ksesw\.m2\repository\io\gatling\gatling-recorder\3.7.3\gatling-recorder-3.7.3.jar;C:\Users\ksesw\.m2\repository\org\scala-lang\modules\scala-swing_2.13\3.0.0\scala-swing_2.13-3.0.0.jar;C:\Users\ksesw\.m2\repository\org\bouncycastle\bcpkix-jdk15on\1.70\bcpkix-jdk15on-1.70.jar;C:\Users\ksesw\.m2\repository\org\bouncycastle\bcprov-jdk15on\1.70\bcprov-jdk15on-1.70.jar;C:\Users\ksesw\.m2\repository\org\bouncycastle\bcutil-jdk15on\1.70\bcutil-jdk15on-1.70.jar;C:\Users\ksesw\.m2\repository\io\gatling\gatling-app\3.7.3\gatling-app-3.7.3.jar;C:\Users\ksesw\.m2\repository\io\gatling\gatling-core-java\3.7.3\gatling-core-java-3.7.3.jar;C:\Users\ksesw\.m2\repository\net\jodah\typetools\0.6.3\typetools-0.6.3.jar;C:\Users\ksesw\.m2\repository\com\google\code\findbugs\jsr305\3.0.2\jsr305-3.0.2.jar;C:\Users\ksesw\.m2\repository\io\gatling\gatling-http-java\3.7.3\gatling-http-java-3.7.3.jar;C:\Users\ksesw\.m2\repository\io\gatling\gatling-jms\3.7.3\gatling-jms-3.7.3.jar;C:\Users\ksesw\.m2\repository\javax\jms\javax.jms-api\2.0.1\javax.jms-api-2.0.1.jar;C:\Users\ksesw\.m2\repository\com\eatthepath\fast-uuid\0.2.0\fast-uuid-0.2.0.jar;C:\Users\ksesw\.m2\repository\io\gatling\gatling-jms-java\3.7.3\gatling-jms-java-3.7.3.jar;C:\Users\ksesw\.m2\repository\io\gatling\gatling-mqtt\3.7.3\gatling-mqtt-3.7.3.jar;C:\Users\ksesw\.m2\repository\io\netty\netty-codec-mqtt\4.1.79.Final\netty-codec-mqtt-4.1.79.Final.jar;C:\Users\ksesw\.m2\repository\io\gatling\gatling-mqtt-java\3.7.3\gatling-mqtt-java-3.7.3.jar;C:\Users\ksesw\.m2\repository\io\gatling\gatling-jdbc\3.7.3\gatling-jdbc-3.7.3.jar;C:\Users\ksesw\.m2\repository\io\gatling\gatling-jdbc-java\3.7.3\gatling-jdbc-java-3.7.3.jar;C:\Users\ksesw\.m2\repository\io\gatling\gatling-redis\3.7.3\gatling-redis-3.7.3.jar;C:\Users\ksesw\.m2\repository\net\debasishg\redisclient_2.13\3.42\redisclient_2.13-3.42.jar;C:\Users\ksesw\.m2\repository\org\apache\commons\commons-pool2\2.11.1\commons-pool2-2.11.1.jar;C:\Users\ksesw\.m2\repository\io\gatling\gatling-redis-java\3.7.3\gatling-redis-java-3.7.3.jar;C:\Users\ksesw\.m2\repository\io\gatling\gatling-graphite\3.7.3\gatling-graphite-3.7.3.jar;C:\Users\ksesw\.m2\repository\io\springfox\springfox-boot-starter\3.0.0\springfox-boot-starter-3.0.0.jar;C:\Users\ksesw\.m2\repository\io\springfox\springfox-oas\3.0.0\springfox-oas-3.0.0.jar;C:\Users\ksesw\.m2\repository\io\swagger\core\v3\swagger-annotations\2.1.2\swagger-annotations-2.1.2.jar;C:\Users\ksesw\.m2\repository\io\swagger\core\v3\swagger-models\2.1.2\swagger-models-2.1.2.jar;C:\Users\ksesw\.m2\repository\io\springfox\springfox-spi\3.0.0\springfox-spi-3.0.0.jar;C:\Users\ksesw\.m2\repository\io\springfox\springfox-schema\3.0.0\springfox-schema-3.0.0.jar;C:\Users\ksesw\.m2\repository\io\springfox\springfox-core\3.0.0\springfox-core-3.0.0.jar;C:\Users\ksesw\.m2\repository\io\springfox\springfox-spring-web\3.0.0\springfox-spring-web-3.0.0.jar;C:\Users\ksesw\.m2\repository\io\github\classgraph\classgraph\4.8.83\classgraph-4.8.83.jar;C:\Users\ksesw\.m2\repository\io\springfox\springfox-spring-webmvc\3.0.0\springfox-spring-webmvc-3.0.0.jar;C:\Users\ksesw\.m2\repository\io\springfox\springfox-spring-webflux\3.0.0\springfox-spring-webflux-3.0.0.jar;C:\Users\ksesw\.m2\repository\io\springfox\springfox-swagger-common\3.0.0\springfox-swagger-common-3.0.0.jar;C:\Users\ksesw\.m2\repository\org\mapstruct\mapstruct\1.3.1.Final\mapstruct-1.3.1.Final.jar;C:\Users\ksesw\.m2\repository\io\springfox\springfox-data-rest\3.0.0\springfox-data-rest-3.0.0.jar;C:\Users\ksesw\.m2\repository\io\springfox\springfox-bean-validators\3.0.0\springfox-bean-validators-3.0.0.jar;C:\Users\ksesw\.m2\repository\io\springfox\springfox-swagger2\3.0.0\springfox-swagger2-3.0.0.jar;C:\Users\ksesw\.m2\repository\io\swagger\swagger-annotations\1.5.20\swagger-annotations-1.5.20.jar;C:\Users\ksesw\.m2\repository\io\swagger\swagger-models\1.5.20\swagger-models-1.5.20.jar;C:\Users\ksesw\.m2\repository\io\springfox\springfox-swagger-ui\3.0.0\springfox-swagger-ui-3.0.0.jar;C:\Users\ksesw\.m2\repository\com\fasterxml\classmate\1.5.1\classmate-1.5.1.jar;C:\Users\ksesw\.m2\repository\org\slf4j\slf4j-api\1.7.36\slf4j-api-1.7.36.jar;C:\Users\ksesw\.m2\repository\org\springframework\plugin\spring-plugin-core\2.0.0.RELEASE\spring-plugin-core-2.0.0.RELEASE.jar;C:\Users\ksesw\.m2\repository\org\springframework\plugin\spring-plugin-metadata\2.0.0.RELEASE\spring-plugin-metadata-2.0.0.RELEASE.jar;"/>
    <property name="java.vm.vendor" value="Oracle Corporation"/>
    <property name="sun.arch.data.model" value="64"/>
    <property name="user.variant" value=""/>
    <property name="java.vendor.url" value="http://java.oracle.com/"/>
    <property name="user.timezone" value="America/New_York"/>
    <property name="java.vm.specification.version" value="1.8"/>
    <property name="os.name" value="Windows 11"/>
    <property name="user.country" value="CA"/>
    <property name="sun.java.launcher" value="SUN_STANDARD"/>
    <property name="sun.boot.library.path" value="C:\Program Files\Java\jdk1.8.0_341\jre\bin"/>
    <property name="sun.java.command" value="C:\Users\ksesw\AppData\Local\Temp\surefire7186540837430424736\surefirebooter1451354850715615121.jar C:\Users\ksesw\AppData\Local\Temp\surefire7186540837430424736 2022-11-08T06-48-29_820-jvmRun1 surefire5962197005866993718tmp surefire_04336791081333271921tmp"/>
    <property name="surefire.test.class.path" value="C:\Java-learning\interview-projects\new\RewardsPointsApp\target\test-classes;C:\Java-learning\interview-projects\new\RewardsPointsApp\target\classes;C:\Users\ksesw\.m2\repository\org\springframework\boot\spring-boot-starter-web\2.7.3\spring-boot-starter-web-2.7.3.jar;C:\Users\ksesw\.m2\repository\org\springframework\boot\spring-boot-starter\2.7.3\spring-boot-starter-2.7.3.jar;C:\Users\ksesw\.m2\repository\org\springframework\boot\spring-boot\2.7.3\spring-boot-2.7.3.jar;C:\Users\ksesw\.m2\repository\org\springframework\boot\spring-boot-autoconfigure\2.7.3\spring-boot-autoconfigure-2.7.3.jar;C:\Users\ksesw\.m2\repository\org\springframework\boot\spring-boot-starter-logging\2.7.3\spring-boot-starter-logging-2.7.3.jar;C:\Users\ksesw\.m2\repository\org\apache\logging\log4j\log4j-to-slf4j\2.17.2\log4j-to-slf4j-2.17.2.jar;C:\Users\ksesw\.m2\repository\org\apache\logging\log4j\log4j-api\2.17.2\log4j-api-2.17.2.jar;C:\Users\ksesw\.m2\repository\org\slf4j\jul-to-slf4j\1.7.36\jul-to-slf4j-1.7.36.jar;C:\Users\ksesw\.m2\repository\jakarta\annotation\jakarta.annotation-api\1.3.5\jakarta.annotation-api-1.3.5.jar;C:\Users\ksesw\.m2\repository\org\yaml\snakeyaml\1.30\snakeyaml-1.30.jar;C:\Users\ksesw\.m2\repository\org\springframework\boot\spring-boot-starter-json\2.7.3\spring-boot-starter-json-2.7.3.jar;C:\Users\ksesw\.m2\repository\com\fasterxml\jackson\datatype\jackson-datatype-jdk8\2.13.3\jackson-datatype-jdk8-2.13.3.jar;C:\Users\ksesw\.m2\repository\com\fasterxml\jackson\datatype\jackson-datatype-jsr310\2.13.3\jackson-datatype-jsr310-2.13.3.jar;C:\Users\ksesw\.m2\repository\com\fasterxml\jackson\module\jackson-module-parameter-names\2.13.3\jackson-module-parameter-names-2.13.3.jar;C:\Users\ksesw\.m2\repository\org\springframework\boot\spring-boot-starter-tomcat\2.7.3\spring-boot-starter-tomcat-2.7.3.jar;C:\Users\ksesw\.m2\repository\org\apache\tomcat\embed\tomcat-embed-core\9.0.65\tomcat-embed-core-9.0.65.jar;C:\Users\ksesw\.m2\repository\org\apache\tomcat\embed\tomcat-embed-el\9.0.65\tomcat-embed-el-9.0.65.jar;C:\Users\ksesw\.m2\repository\org\apache\tomcat\embed\tomcat-embed-websocket\9.0.65\tomcat-embed-websocket-9.0.65.jar;C:\Users\ksesw\.m2\repository\org\springframework\spring-web\5.3.22\spring-web-5.3.22.jar;C:\Users\ksesw\.m2\repository\org\springframework\spring-beans\5.3.22\spring-beans-5.3.22.jar;C:\Users\ksesw\.m2\repository\org\springframework\spring-webmvc\5.3.22\spring-webmvc-5.3.22.jar;C:\Users\ksesw\.m2\repository\org\springframework\spring-aop\5.3.22\spring-aop-5.3.22.jar;C:\Users\ksesw\.m2\repository\org\springframework\spring-context\5.3.22\spring-context-5.3.22.jar;C:\Users\ksesw\.m2\repository\org\springframework\spring-expression\5.3.22\spring-expression-5.3.22.jar;C:\Users\ksesw\.m2\repository\org\springframework\boot\spring-boot-starter-data-jpa\2.7.3\spring-boot-starter-data-jpa-2.7.3.jar;C:\Users\ksesw\.m2\repository\org\springframework\boot\spring-boot-starter-aop\2.7.3\spring-boot-starter-aop-2.7.3.jar;C:\Users\ksesw\.m2\repository\org\aspectj\aspectjweaver\1.9.7\aspectjweaver-1.9.7.jar;C:\Users\ksesw\.m2\repository\org\springframework\boot\spring-boot-starter-jdbc\2.7.3\spring-boot-starter-jdbc-2.7.3.jar;C:\Users\ksesw\.m2\repository\com\zaxxer\HikariCP\4.0.3\HikariCP-4.0.3.jar;C:\Users\ksesw\.m2\repository\org\springframework\spring-jdbc\5.3.22\spring-jdbc-5.3.22.jar;C:\Users\ksesw\.m2\repository\jakarta\transaction\jakarta.transaction-api\1.3.3\jakarta.transaction-api-1.3.3.jar;C:\Users\ksesw\.m2\repository\jakarta\persistence\jakarta.persistence-api\2.2.3\jakarta.persistence-api-2.2.3.jar;C:\Users\ksesw\.m2\repository\org\hibernate\hibernate-core\5.6.10.Final\hibernate-core-5.6.10.Final.jar;C:\Users\ksesw\.m2\repository\org\jboss\logging\jboss-logging\3.4.3.Final\jboss-logging-3.4.3.Final.jar;C:\Users\ksesw\.m2\repository\antlr\antlr\2.7.7\antlr-2.7.7.jar;C:\Users\ksesw\.m2\repository\org\jboss\jandex\2.4.2.Final\jandex-2.4.2.Final.jar;C:\Users\ksesw\.m2\repository\org\hibernate\common\hibernate-commons-annotations\5.1.2.Final\hibernate-commons-annotations-5.1.2.Final.jar;C:\Users\ksesw\.m2\repository\org\glassfish\jaxb\jaxb-runtime\2.3.6\jaxb-runtime-2.3.6.jar;C:\Users\ksesw\.m2\repository\org\glassfish\jaxb\txw2\2.3.6\txw2-2.3.6.jar;C:\Users\ksesw\.m2\repository\com\sun\istack\istack-commons-runtime\3.0.12\istack-commons-runtime-3.0.12.jar;C:\Users\ksesw\.m2\repository\com\sun\activation\jakarta.activation\1.2.2\jakarta.activation-1.2.2.jar;C:\Users\ksesw\.m2\repository\org\springframework\data\spring-data-jpa\2.7.2\spring-data-jpa-2.7.2.jar;C:\Users\ksesw\.m2\repository\org\springframework\data\spring-data-commons\2.7.2\spring-data-commons-2.7.2.jar;C:\Users\ksesw\.m2\repository\org\springframework\spring-orm\5.3.22\spring-orm-5.3.22.jar;C:\Users\ksesw\.m2\repository\org\springframework\spring-tx\5.3.22\spring-tx-5.3.22.jar;C:\Users\ksesw\.m2\repository\org\springframework\spring-aspects\5.3.22\spring-aspects-5.3.22.jar;C:\Users\ksesw\.m2\repository\org\springframework\boot\spring-boot-starter-actuator\2.7.3\spring-boot-starter-actuator-2.7.3.jar;C:\Users\ksesw\.m2\repository\org\springframework\boot\spring-boot-actuator-autoconfigure\2.7.3\spring-boot-actuator-autoconfigure-2.7.3.jar;C:\Users\ksesw\.m2\repository\org\springframework\boot\spring-boot-actuator\2.7.3\spring-boot-actuator-2.7.3.jar;C:\Users\ksesw\.m2\repository\io\micrometer\micrometer-core\1.9.3\micrometer-core-1.9.3.jar;C:\Users\ksesw\.m2\repository\org\latencyutils\LatencyUtils\2.0.3\LatencyUtils-2.0.3.jar;C:\Users\ksesw\.m2\repository\org\springframework\boot\spring-boot-configuration-processor\2.7.3\spring-boot-configuration-processor-2.7.3.jar;C:\Users\ksesw\.m2\repository\org\projectlombok\lombok\1.18.20\lombok-1.18.20.jar;C:\Users\ksesw\.m2\repository\com\h2database\h2\1.4.200\h2-1.4.200.jar;C:\Users\ksesw\.m2\repository\org\modelmapper\modelmapper\2.4.5\modelmapper-2.4.5.jar;C:\Users\ksesw\.m2\repository\org\junit\jupiter\junit-jupiter-engine\5.8.1\junit-jupiter-engine-5.8.1.jar;C:\Users\ksesw\.m2\repository\org\junit\platform\junit-platform-engine\1.8.2\junit-platform-engine-1.8.2.jar;C:\Users\ksesw\.m2\repository\org\apiguardian\apiguardian-api\1.1.2\apiguardian-api-1.1.2.jar;C:\Users\ksesw\.m2\repository\org\junit\jupiter\junit-jupiter-api\5.8.1\junit-jupiter-api-5.8.1.jar;C:\Users\ksesw\.m2\repository\org\opentest4j\opentest4j\1.2.0\opentest4j-1.2.0.jar;C:\Users\ksesw\.m2\repository\org\junit\platform\junit-platform-commons\1.8.2\junit-platform-commons-1.8.2.jar;C:\Users\ksesw\.m2\repository\org\junit\jupiter\junit-jupiter-params\5.8.1\junit-jupiter-params-5.8.1.jar;C:\Users\ksesw\.m2\repository\org\junit\platform\junit-platform-suite\1.8.1\junit-platform-suite-1.8.1.jar;C:\Users\ksesw\.m2\repository\org\junit\platform\junit-platform-suite-api\1.8.2\junit-platform-suite-api-1.8.2.jar;C:\Users\ksesw\.m2\repository\org\junit\platform\junit-platform-suite-engine\1.8.2\junit-platform-suite-engine-1.8.2.jar;C:\Users\ksesw\.m2\repository\org\junit\platform\junit-platform-suite-commons\1.8.2\junit-platform-suite-commons-1.8.2.jar;C:\Users\ksesw\.m2\repository\org\junit\platform\junit-platform-launcher\1.8.2\junit-platform-launcher-1.8.2.jar;C:\Users\ksesw\.m2\repository\org\assertj\assertj-core\3.23.1\assertj-core-3.23.1.jar;C:\Users\ksesw\.m2\repository\net\bytebuddy\byte-buddy\1.12.13\byte-buddy-1.12.13.jar;C:\Users\ksesw\.m2\repository\org\springframework\spring-test\5.3.22\spring-test-5.3.22.jar;C:\Users\ksesw\.m2\repository\org\springframework\spring-core\5.3.22\spring-core-5.3.22.jar;C:\Users\ksesw\.m2\repository\org\springframework\spring-jcl\5.3.22\spring-jcl-5.3.22.jar;C:\Users\ksesw\.m2\repository\org\springframework\boot\spring-boot-starter-test\2.7.3\spring-boot-starter-test-2.7.3.jar;C:\Users\ksesw\.m2\repository\org\springframework\boot\spring-boot-test\2.7.3\spring-boot-test-2.7.3.jar;C:\Users\ksesw\.m2\repository\org\springframework\boot\spring-boot-test-autoconfigure\2.7.3\spring-boot-test-autoconfigure-2.7.3.jar;C:\Users\ksesw\.m2\repository\com\jayway\jsonpath\json-path\2.7.0\json-path-2.7.0.jar;C:\Users\ksesw\.m2\repository\net\minidev\json-smart\2.4.8\json-smart-2.4.8.jar;C:\Users\ksesw\.m2\repository\net\minidev\accessors-smart\2.4.8\accessors-smart-2.4.8.jar;C:\Users\ksesw\.m2\repository\org\ow2\asm\asm\9.1\asm-9.1.jar;C:\Users\ksesw\.m2\repository\jakarta\xml\bind\jakarta.xml.bind-api\2.3.3\jakarta.xml.bind-api-2.3.3.jar;C:\Users\ksesw\.m2\repository\jakarta\activation\jakarta.activation-api\1.2.2\jakarta.activation-api-1.2.2.jar;C:\Users\ksesw\.m2\repository\org\hamcrest\hamcrest\2.2\hamcrest-2.2.jar;C:\Users\ksesw\.m2\repository\org\junit\jupiter\junit-jupiter\5.8.2\junit-jupiter-5.8.2.jar;C:\Users\ksesw\.m2\repository\org\mockito\mockito-core\4.5.1\mockito-core-4.5.1.jar;C:\Users\ksesw\.m2\repository\net\bytebuddy\byte-buddy-agent\1.12.13\byte-buddy-agent-1.12.13.jar;C:\Users\ksesw\.m2\repository\org\objenesis\objenesis\3.2\objenesis-3.2.jar;C:\Users\ksesw\.m2\repository\org\mockito\mockito-junit-jupiter\4.5.1\mockito-junit-jupiter-4.5.1.jar;C:\Users\ksesw\.m2\repository\org\skyscreamer\jsonassert\1.5.1\jsonassert-1.5.1.jar;C:\Users\ksesw\.m2\repository\com\vaadin\external\google\android-json\0.0.20131108.vaadin1\android-json-0.0.20131108.vaadin1.jar;C:\Users\ksesw\.m2\repository\org\xmlunit\xmlunit-core\2.9.0\xmlunit-core-2.9.0.jar;C:\Users\ksesw\.m2\repository\io\gatling\gatling-core\3.7.3\gatling-core-3.7.3.jar;C:\Users\ksesw\.m2\repository\org\scala-lang\scala-library\2.13.7\scala-library-2.13.7.jar;C:\Users\ksesw\.m2\repository\io\gatling\gatling-commons\3.7.3\gatling-commons-3.7.3.jar;C:\Users\ksesw\.m2\repository\io\gatling\gatling-commons-shared\3.7.3\gatling-commons-shared-3.7.3.jar;C:\Users\ksesw\.m2\repository\org\scala-lang\scala-reflect\2.13.7\scala-reflect-2.13.7.jar;C:\Users\ksesw\.m2\repository\io\suzaku\boopickle_2.13\1.3.3\boopickle_2.13-1.3.3.jar;C:\Users\ksesw\.m2\repository\io\gatling\gatling-commons-shared-unstable\3.7.3\gatling-commons-shared-unstable-3.7.3.jar;C:\Users\ksesw\.m2\repository\com\typesafe\config\1.4.1\config-1.4.1.jar;C:\Users\ksesw\.m2\repository\org\typelevel\spire-macros_2.13\0.17.0\spire-macros_2.13-0.17.0.jar;C:\Users\ksesw\.m2\repository\com\typesafe\scala-logging\scala-logging_2.13\3.9.4\scala-logging_2.13-3.9.4.jar;C:\Users\ksesw\.m2\repository\ch\qos\logback\logback-classic\1.2.11\logback-classic-1.2.11.jar;C:\Users\ksesw\.m2\repository\ch\qos\logback\logback-core\1.2.11\logback-core-1.2.11.jar;C:\Users\ksesw\.m2\repository\io\gatling\gatling-jsonpath\3.7.3\gatling-jsonpath-3.7.3.jar;C:\Users\ksesw\.m2\repository\com\typesafe\akka\akka-actor_2.13\2.6.17\akka-actor_2.13-2.6.17.jar;C:\Users\ksesw\.m2\repository\org\scala-lang\modules\scala-java8-compat_2.13\1.0.0\scala-java8-compat_2.13-1.0.0.jar;C:\Users\ksesw\.m2\repository\com\typesafe\akka\akka-slf4j_2.13\2.6.17\akka-slf4j_2.13-2.6.17.jar;C:\Users\ksesw\.m2\repository\org\simpleflatmapper\lightning-csv\8.2.3\lightning-csv-8.2.3.jar;C:\Users\ksesw\.m2\repository\org\simpleflatmapper\sfm-util\8.2.3\sfm-util-8.2.3.jar;C:\Users\ksesw\.m2\repository\com\github\ben-manes\caffeine\caffeine\2.9.3\caffeine-2.9.3.jar;C:\Users\ksesw\.m2\repository\org\checkerframework\checker-qual\3.19.0\checker-qual-3.19.0.jar;C:\Users\ksesw\.m2\repository\com\google\errorprone\error_prone_annotations\2.10.0\error_prone_annotations-2.10.0.jar;C:\Users\ksesw\.m2\repository\io\pebbletemplates\pebble\3.1.5\pebble-3.1.5.jar;C:\Users\ksesw\.m2\repository\org\unbescape\unbescape\1.1.6.RELEASE\unbescape-1.1.6.RELEASE.jar;C:\Users\ksesw\.m2\repository\org\scala-lang\modules\scala-parser-combinators_2.13\2.1.0\scala-parser-combinators_2.13-2.1.0.jar;C:\Users\ksesw\.m2\repository\com\github\scopt\scopt_2.13\3.7.1\scopt_2.13-3.7.1.jar;C:\Users\ksesw\.m2\repository\io\netty\netty-handler\4.1.79.Final\netty-handler-4.1.79.Final.jar;C:\Users\ksesw\.m2\repository\io\netty\netty-common\4.1.79.Final\netty-common-4.1.79.Final.jar;C:\Users\ksesw\.m2\repository\io\netty\netty-resolver\4.1.79.Final\netty-resolver-4.1.79.Final.jar;C:\Users\ksesw\.m2\repository\io\netty\netty-buffer\4.1.79.Final\netty-buffer-4.1.79.Final.jar;C:\Users\ksesw\.m2\repository\io\netty\netty-transport\4.1.79.Final\netty-transport-4.1.79.Final.jar;C:\Users\ksesw\.m2\repository\io\netty\netty-transport-native-unix-common\4.1.79.Final\netty-transport-native-unix-common-4.1.79.Final.jar;C:\Users\ksesw\.m2\repository\io\netty\netty-codec\4.1.79.Final\netty-codec-4.1.79.Final.jar;C:\Users\ksesw\.m2\repository\com\softwaremill\quicklens\quicklens_2.13\1.7.5\quicklens_2.13-1.7.5.jar;C:\Users\ksesw\.m2\repository\com\fasterxml\jackson\core\jackson-databind\2.13.3\jackson-databind-2.13.3.jar;C:\Users\ksesw\.m2\repository\com\fasterxml\jackson\core\jackson-annotations\2.13.3\jackson-annotations-2.13.3.jar;C:\Users\ksesw\.m2\repository\com\fasterxml\jackson\core\jackson-core\2.13.3\jackson-core-2.13.3.jar;C:\Users\ksesw\.m2\repository\net\sf\saxon\Saxon-HE\10.6\Saxon-HE-10.6.jar;C:\Users\ksesw\.m2\repository\org\jodd\jodd-lagarto\6.0.5\jodd-lagarto-6.0.5.jar;C:\Users\ksesw\.m2\repository\org\jodd\jodd-util\6.0.1\jodd-util-6.0.1.jar;C:\Users\ksesw\.m2\repository\io\burt\jmespath-jackson\0.5.1\jmespath-jackson-0.5.1.jar;C:\Users\ksesw\.m2\repository\io\burt\jmespath-core\0.5.1\jmespath-core-0.5.1.jar;C:\Users\ksesw\.m2\repository\io\gatling\gatling-http\3.7.3\gatling-http-3.7.3.jar;C:\Users\ksesw\.m2\repository\io\gatling\gatling-http-client\3.7.3\gatling-http-client-3.7.3.jar;C:\Users\ksesw\.m2\repository\io\gatling\gatling-netty-util\3.7.3\gatling-netty-util-3.7.3.jar;C:\Users\ksesw\.m2\repository\io\netty\netty-codec-http\4.1.79.Final\netty-codec-http-4.1.79.Final.jar;C:\Users\ksesw\.m2\repository\io\netty\netty-handler-proxy\4.1.79.Final\netty-handler-proxy-4.1.79.Final.jar;C:\Users\ksesw\.m2\repository\io\netty\netty-codec-socks\4.1.79.Final\netty-codec-socks-4.1.79.Final.jar;C:\Users\ksesw\.m2\repository\io\netty\netty-resolver-dns\4.1.79.Final\netty-resolver-dns-4.1.79.Final.jar;C:\Users\ksesw\.m2\repository\io\netty\netty-codec-dns\4.1.79.Final\netty-codec-dns-4.1.79.Final.jar;C:\Users\ksesw\.m2\repository\io\netty\netty-transport-native-epoll\4.1.79.Final\netty-transport-native-epoll-4.1.79.Final-linux-x86_64.jar;C:\Users\ksesw\.m2\repository\io\netty\netty-transport-classes-epoll\4.1.79.Final\netty-transport-classes-epoll-4.1.79.Final.jar;C:\Users\ksesw\.m2\repository\io\netty\netty-transport-native-epoll\4.1.79.Final\netty-transport-native-epoll-4.1.79.Final-linux-aarch_64.jar;C:\Users\ksesw\.m2\repository\io\netty\netty-codec-http2\4.1.79.Final\netty-codec-http2-4.1.79.Final.jar;C:\Users\ksesw\.m2\repository\io\netty\netty-tcnative-boringssl-static\2.0.53.Final\netty-tcnative-boringssl-static-2.0.53.Final.jar;C:\Users\ksesw\.m2\repository\io\netty\netty-tcnative-classes\2.0.53.Final\netty-tcnative-classes-2.0.53.Final.jar;C:\Users\ksesw\.m2\repository\io\netty\netty-tcnative-boringssl-static\2.0.53.Final\netty-tcnative-boringssl-static-2.0.53.Final-linux-x86_64.jar;C:\Users\ksesw\.m2\repository\io\netty\netty-tcnative-boringssl-static\2.0.53.Final\netty-tcnative-boringssl-static-2.0.53.Final-linux-aarch_64.jar;C:\Users\ksesw\.m2\repository\io\netty\netty-tcnative-boringssl-static\2.0.53.Final\netty-tcnative-boringssl-static-2.0.53.Final-osx-x86_64.jar;C:\Users\ksesw\.m2\repository\io\netty\netty-tcnative-boringssl-static\2.0.53.Final\netty-tcnative-boringssl-static-2.0.53.Final-osx-aarch_64.jar;C:\Users\ksesw\.m2\repository\io\netty\netty-tcnative-boringssl-static\2.0.53.Final\netty-tcnative-boringssl-static-2.0.53.Final-windows-x86_64.jar;C:\Users\ksesw\.m2\repository\com\aayushatharva\brotli4j\brotli4j\1.6.0\brotli4j-1.6.0.jar;C:\Users\ksesw\.m2\repository\com\aayushatharva\brotli4j\native-linux-x86_64\1.6.0\native-linux-x86_64-1.6.0.jar;C:\Users\ksesw\.m2\repository\com\aayushatharva\brotli4j\native-linux-aarch64\1.6.0\native-linux-aarch64-1.6.0.jar;C:\Users\ksesw\.m2\repository\com\aayushatharva\brotli4j\native-osx-x86_64\1.6.0\native-osx-x86_64-1.6.0.jar;C:\Users\ksesw\.m2\repository\com\aayushatharva\brotli4j\native-windows-x86_64\1.6.0\native-windows-x86_64-1.6.0.jar;C:\Users\ksesw\.m2\repository\io\gatling\gatling-charts\3.7.3\gatling-charts-3.7.3.jar;C:\Users\ksesw\.m2\repository\com\tdunning\t-digest\3.1\t-digest-3.1.jar;C:\Users\ksesw\.m2\repository\io\gatling\gatling-metrics\2.3.1\gatling-metrics-2.3.1.jar;C:\Users\ksesw\.m2\repository\org\hdrhistogram\HdrHistogram\2.1.9\HdrHistogram-2.1.9.jar;C:\Users\ksesw\.m2\repository\io\gatling\highcharts\gatling-charts-highcharts\3.7.3\gatling-charts-highcharts-3.7.3.jar;C:\Users\ksesw\.m2\repository\io\gatling\gatling-recorder\3.7.3\gatling-recorder-3.7.3.jar;C:\Users\ksesw\.m2\repository\org\scala-lang\modules\scala-swing_2.13\3.0.0\scala-swing_2.13-3.0.0.jar;C:\Users\ksesw\.m2\repository\org\bouncycastle\bcpkix-jdk15on\1.70\bcpkix-jdk15on-1.70.jar;C:\Users\ksesw\.m2\repository\org\bouncycastle\bcprov-jdk15on\1.70\bcprov-jdk15on-1.70.jar;C:\Users\ksesw\.m2\repository\org\bouncycastle\bcutil-jdk15on\1.70\bcutil-jdk15on-1.70.jar;C:\Users\ksesw\.m2\repository\io\gatling\gatling-app\3.7.3\gatling-app-3.7.3.jar;C:\Users\ksesw\.m2\repository\io\gatling\gatling-core-java\3.7.3\gatling-core-java-3.7.3.jar;C:\Users\ksesw\.m2\repository\net\jodah\typetools\0.6.3\typetools-0.6.3.jar;C:\Users\ksesw\.m2\repository\com\google\code\findbugs\jsr305\3.0.2\jsr305-3.0.2.jar;C:\Users\ksesw\.m2\repository\io\gatling\gatling-http-java\3.7.3\gatling-http-java-3.7.3.jar;C:\Users\ksesw\.m2\repository\io\gatling\gatling-jms\3.7.3\gatling-jms-3.7.3.jar;C:\Users\ksesw\.m2\repository\javax\jms\javax.jms-api\2.0.1\javax.jms-api-2.0.1.jar;C:\Users\ksesw\.m2\repository\com\eatthepath\fast-uuid\0.2.0\fast-uuid-0.2.0.jar;C:\Users\ksesw\.m2\repository\io\gatling\gatling-jms-java\3.7.3\gatling-jms-java-3.7.3.jar;C:\Users\ksesw\.m2\repository\io\gatling\gatling-mqtt\3.7.3\gatling-mqtt-3.7.3.jar;C:\Users\ksesw\.m2\repository\io\netty\netty-codec-mqtt\4.1.79.Final\netty-codec-mqtt-4.1.79.Final.jar;C:\Users\ksesw\.m2\repository\io\gatling\gatling-mqtt-java\3.7.3\gatling-mqtt-java-3.7.3.jar;C:\Users\ksesw\.m2\repository\io\gatling\gatling-jdbc\3.7.3\gatling-jdbc-3.7.3.jar;C:\Users\ksesw\.m2\repository\io\gatling\gatling-jdbc-java\3.7.3\gatling-jdbc-java-3.7.3.jar;C:\Users\ksesw\.m2\repository\io\gatling\gatling-redis\3.7.3\gatling-redis-3.7.3.jar;C:\Users\ksesw\.m2\repository\net\debasishg\redisclient_2.13\3.42\redisclient_2.13-3.42.jar;C:\Users\ksesw\.m2\repository\org\apache\commons\commons-pool2\2.11.1\commons-pool2-2.11.1.jar;C:\Users\ksesw\.m2\repository\io\gatling\gatling-redis-java\3.7.3\gatling-redis-java-3.7.3.jar;C:\Users\ksesw\.m2\repository\io\gatling\gatling-graphite\3.7.3\gatling-graphite-3.7.3.jar;C:\Users\ksesw\.m2\repository\io\springfox\springfox-boot-starter\3.0.0\springfox-boot-starter-3.0.0.jar;C:\Users\ksesw\.m2\repository\io\springfox\springfox-oas\3.0.0\springfox-oas-3.0.0.jar;C:\Users\ksesw\.m2\repository\io\swagger\core\v3\swagger-annotations\2.1.2\swagger-annotations-2.1.2.jar;C:\Users\ksesw\.m2\repository\io\swagger\core\v3\swagger-models\2.1.2\swagger-models-2.1.2.jar;C:\Users\ksesw\.m2\repository\io\springfox\springfox-spi\3.0.0\springfox-spi-3.0.0.jar;C:\Users\ksesw\.m2\repository\io\springfox\springfox-schema\3.0.0\springfox-schema-3.0.0.jar;C:\Users\ksesw\.m2\repository\io\springfox\springfox-core\3.0.0\springfox-core-3.0.0.jar;C:\Users\ksesw\.m2\repository\io\springfox\springfox-spring-web\3.0.0\springfox-spring-web-3.0.0.jar;C:\Users\ksesw\.m2\repository\io\github\classgraph\classgraph\4.8.83\classgraph-4.8.83.jar;C:\Users\ksesw\.m2\repository\io\springfox\springfox-spring-webmvc\3.0.0\springfox-spring-webmvc-3.0.0.jar;C:\Users\ksesw\.m2\repository\io\springfox\springfox-spring-webflux\3.0.0\springfox-spring-webflux-3.0.0.jar;C:\Users\ksesw\.m2\repository\io\springfox\springfox-swagger-common\3.0.0\springfox-swagger-common-3.0.0.jar;C:\Users\ksesw\.m2\repository\org\mapstruct\mapstruct\1.3.1.Final\mapstruct-1.3.1.Final.jar;C:\Users\ksesw\.m2\repository\io\springfox\springfox-data-rest\3.0.0\springfox-data-rest-3.0.0.jar;C:\Users\ksesw\.m2\repository\io\springfox\springfox-bean-validators\3.0.0\springfox-bean-validators-3.0.0.jar;C:\Users\ksesw\.m2\repository\io\springfox\springfox-swagger2\3.0.0\springfox-swagger2-3.0.0.jar;C:\Users\ksesw\.m2\repository\io\swagger\swagger-annotations\1.5.20\swagger-annotations-1.5.20.jar;C:\Users\ksesw\.m2\repository\io\swagger\swagger-models\1.5.20\swagger-models-1.5.20.jar;C:\Users\ksesw\.m2\repository\io\springfox\springfox-swagger-ui\3.0.0\springfox-swagger-ui-3.0.0.jar;C:\Users\ksesw\.m2\repository\com\fasterxml\classmate\1.5.1\classmate-1.5.1.jar;C:\Users\ksesw\.m2\repository\org\slf4j\slf4j-api\1.7.36\slf4j-api-1.7.36.jar;C:\Users\ksesw\.m2\repository\org\springframework\plugin\spring-plugin-core\2.0.0.RELEASE\spring-plugin-core-2.0.0.RELEASE.jar;C:\Users\ksesw\.m2\repository\org\springframework\plugin\spring-plugin-metadata\2.0.0.RELEASE\spring-plugin-metadata-2.0.0.RELEASE.jar;"/>
    <property name="sun.cpu.endian" value="little"/>
    <property name="user.home" value="C:\Users\ksesw"/>
    <property name="user.language" value="en"/>
    <property name="java.specification.vendor" value="Oracle Corporation"/>
    <property name="java.home" value="C:\Program Files\Java\jdk1.8.0_341\jre"/>
    <property name="basedir" value="C:\Java-learning\interview-projects\new\RewardsPointsApp"/>
    <property name="file.separator" value="\"/>
    <property name="line.separator" value="&#10;"/>
    <property name="java.vm.specification.vendor" value="Oracle Corporation"/>
    <property name="java.specification.name" value="Java Platform API Specification"/>
    <property name="java.awt.graphicsenv" value="sun.awt.Win32GraphicsEnvironment"/>
    <property name="surefire.real.class.path" value="C:\Users\ksesw\AppData\Local\Temp\surefire7186540837430424736\surefirebooter1451354850715615121.jar"/>
    <property name="sun.boot.class.path" value="C:\Program Files\Java\jdk1.8.0_341\jre\lib\resources.jar;C:\Program Files\Java\jdk1.8.0_341\jre\lib\rt.jar;C:\Program Files\Java\jdk1.8.0_341\jre\lib\jsse.jar;C:\Program Files\Java\jdk1.8.0_341\jre\lib\jce.jar;C:\Program Files\Java\jdk1.8.0_341\jre\lib\charsets.jar;C:\Program Files\Java\jdk1.8.0_341\jre\lib\jfr.jar;C:\Program Files\Java\jdk1.8.0_341\jre\classes"/>
    <property name="user.script" value=""/>
    <property name="sun.management.compiler" value="HotSpot 64-Bit Tiered Compilers"/>
    <property name="java.runtime.version" value="1.8.0_341-b10"/>
    <property name="user.name" value="ksesw"/>
    <property name="path.separator" value=";"/>
    <property name="os.version" value="10.0"/>
    <property name="java.endorsed.dirs" value="C:\Program Files\Java\jdk1.8.0_341\jre\lib\endorsed"/>
    <property name="java.runtime.name" value="Java(TM) SE Runtime Environment"/>
    <property name="file.encoding" value="Cp1252"/>
    <property name="java.vm.name" value="Java HotSpot(TM) 64-Bit Server VM"/>
    <property name="localRepository" value="C:\Users\ksesw\.m2\repository"/>
    <property name="java.vendor.url.bug" value="http://bugreport.sun.com/bugreport/"/>
    <property name="java.io.tmpdir" value="C:\Users\ksesw\AppData\Local\Temp\"/>
    <property name="idea.version" value="2022.2.3"/>
    <property name="java.version" value="1.8.0_341"/>
    <property name="user.dir" value="C:\Java-learning\interview-projects\new\RewardsPointsApp"/>
    <property name="os.arch" value="amd64"/>
    <property name="java.vm.specification.name" value="Java Virtual Machine Specification"/>
    <property name="java.awt.printerjob" value="sun.awt.windows.WPrinterJob"/>
    <property name="sun.os.patch.level" value=""/>
    <property name="java.library.path" value="C:\Program Files\Java\jdk1.8.0_341\jre\bin;C:\WINDOWS\Sun\Java\bin;C:\WINDOWS\system32;C:\WINDOWS;C:\WINDOWS\system32;C:\WINDOWS;C:\WINDOWS\System32\Wbem;C:\WINDOWS\System32\WindowsPowerShell\v1.0\;C:\WINDOWS\System32\OpenSSH\;C:\Program Files\Git\cmd;C:\Program Files\Java\jdk1.8.0_341\bin;C:\Users\ksesw\AppData\Local\Microsoft\WindowsApps;;C:\Program Files\JetBrains\IntelliJ IDEA Community Edition 2022.2.3\bin;;."/>
    <property name="java.vm.info" value="mixed mode"/>
    <property name="java.vendor" value="Oracle Corporation"/>
    <property name="java.vm.version" value="25.341-b10"/>
    <property name="java.ext.dirs" value="C:\Program Files\Java\jdk1.8.0_341\jre\lib\ext;C:\WINDOWS\Sun\Java\lib\ext"/>
    <property name="sun.io.unicode.encoding" value="UnicodeLittle"/>
    <property name="java.class.version" value="52.0"/>
  </properties>
  <testcase name="should_find_after_save" classname="com.assignment.rewards.points.repository.UserRepositoryTest" time="0.019"/>
</testsuite>